GET /api/persons 200 465 - 91.684 ms {}
GET /api/persons 200 465 - 195.555 ms {}
GET /api/persons 200 465 - 204.136 ms {}
GET /api/persons 200 465 - 194.868 ms {}
GET /api/persons 200 465 - 208.109 ms {}
GET /api/persons 200 465 - 192.464 ms {}
GET /api/persons 200 465 - 198.864 ms {}
GET /api/persons 200 465 - 203.466 ms {}
GET /api/persons 200 465 - 202.314 ms {}
GET /api/persons 200 465 - 199.096 ms {}
GET /api/persons 200 465 - 198.107 ms {}
GET /api/persons 200 465 - 212.836 ms {}
GET /api/persons 200 465 - 199.767 ms {}
GET /api/persons 200 465 - 410.901 ms {}
GET /api/persons 200 465 - 512.038 ms {}
GET /api/persons 200 465 - 206.211 ms {}
GET /api/persons 200 465 - 295.235 ms {}
GET /api/persons 200 465 - 201.929 ms {}
GET /api/persons 200 465 - 203.967 ms {}
GET /api/persons 200 465 - 1835.422 ms {}
GET /api/persons 304 - - 334.907 ms {}
GET /favicon.ico 404 28 - 0.630 ms {}
GET /api/persons 304 - - 160.450 ms {}
GET /api/persons 304 - - 178.451 ms {}
GET /api/persons/692d3367799a0af49db6163 400 24 - 3.282 ms {}
GET /api/persons/692d3367799a0af49db6163 400 24 - 0.840 ms {}
GET /api/persons/692d3617799a0af49db6166 400 24 - 0.883 ms {}
GET /api/persons/692d3617799a0af49db6166 400 24 - 5.433 ms {}
GET /api/persons/692d3617799a0af49db6166 400 24 - 0.962 ms {}
GET /api/persons/692d3617799a0af49db6166 400 24 - 0.818 ms {}
GET /api/persons/692d3617799a0af49db6166 400 24 - 0.787 ms {}
GET /api/persons/692d3617799a0af49db6166 400 24 - 0.577 ms {}
GET /api/persons/692d3617799a0af49db6166 400 24 - 0.844 ms {}
GET /api/persons/692d3617799a0af49db6166 400 24 - 0.789 ms {}
GET /api/persons/692d3617799a0af49db6166 400 24 - 0.779 ms {}
GET /api/persons/692d3617799a0af49db6166 400 24 - 1.127 ms {}
GET /api/persons/692d3617799a0af49db6166 400 24 - 1.013 ms {}
GET /api/persons/692d3617799a0af49db6166 400 24 - 0.600 ms {}
GET /api/persons/692d3617799a0af49db6166 400 24 - 0.807 ms {}
GET /api/persons/692d3617799a0af49db6166 400 24 - 0.494 ms {}
GET /api/persons/692d3617799a0af49db6166 400 24 - 0.803 ms {}
GET /api/persons/692d3617799a0af49db6166 400 24 - 0.995 ms {}
POST /api/persons 200 73 - 334.035 ms {"name":"Jhon Doe","number":"012-932424"}
GET /api/persons 200 539 - 144.254 ms {}
POST /api/persons 400 31 - 277.185 ms {"name":"Jhon Doe","number":"012-932424"}
GET /api/persons 200 539 - 148.324 ms {}
DELETE /api/persons/66b8c6b32a234cf08d8cfde3 204 - - 440.352 ms {}
GET /api/persons 200 465 - 134.310 ms {}
GET /api/persons 200 465 - 290.917 ms {}
POST /api/persons 201 76 - 406.367 ms {"name":"Abul Khan","number":"343-53533553"}
GET /api/persons 200 465 - 415.920 ms {}
GET /api/persons 200 465 - 199.923 ms {}
GET /api/persons 200 465 - 205.656 ms {}
POST /api/persons 201 76 - 400.620 ms {"name":"Abul Khan","number":"343-53533553"}
GET /api/persons 200 465 - 308.852 ms {}
GET /api/persons 200 465 - 162.744 ms {}
GET /api/persons 200 465 - 200.569 ms {}
POST /api/persons 201 76 - 500.963 ms {"name":"Abul Khan","number":"343-53533553"}
GET /api/persons 200 542 - 200.808 ms {}
GET /api/persons 200 465 - 204.236 ms {}
GET /api/persons 200 465 - 101.796 ms {}
GET /api/persons 200 465 - 96.715 ms {}
POST /api/persons 201 76 - 405.378 ms {"name":"Abul Khan","number":"343-53533553"}
GET /api/persons 200 542 - 101.273 ms {}
GET /api/persons 200 465 - 106.984 ms {}
GET /api/persons 200 465 - 103.866 ms {}
GET /api/persons/6692d3367799a0af49db6163 200 76 - 92.676 ms {}
GET /api/persons/6692d3367799a0af49db6163 304 - - 267.961 ms {}
GET /api/persons 200 465 - 100.964 ms {}
POST /api/persons 201 76 - 390.046 ms {"name":"Abul Khan","number":"343-53533553"}
GET /api/persons 200 542 - 309.139 ms {}
POST /api/persons 400 41 - 0.207 ms {"number":"343-3353535"}
GET /api/persons 200 465 - 201.062 ms {}
GET /api/persons 200 465 - 205.554 ms {}
GET /api/persons 200 465 - 102.489 ms {}
POST /api/persons 400 41 - 1.132 ms {"number":"012-932424"}
GET /api/persons 200 465 - 94.750 ms {}
POST /api/persons 201 76 - 197.912 ms {"name":"Abul Khan","number":"343-53533553"}
GET /api/persons 200 542 - 99.742 ms {}
POST /api/persons 400 41 - 0.148 ms {"number":"343-3353535"}
GET /api/persons 200 465 - 201.085 ms {}
GET /api/persons 200 465 - 102.154 ms {}
GET /api/persons 200 465 - 100.464 ms {}
GET /api/persons 200 465 - 75.041 ms {}
POST /api/persons 201 76 - 153.814 ms {"name":"Abul Khan","number":"343-53533553"}
GET /api/persons 200 542 - 74.981 ms {}
POST /api/persons 400 41 - 0.152 ms {"number":"343-3353535"}
GET /api/persons 200 465 - 77.574 ms {}
GET /api/persons 200 465 - 71.899 ms {}
GET /api/persons 200 465 - 199.670 ms {}
GET /api/persons 200 465 - 196.749 ms {}
POST /api/persons 201 76 - 292.624 ms {"name":"Abul Khan","number":"343-53533553"}
POST /api/persons 400 41 - 0.145 ms {"number":"343-3353535"}
GET /api/persons 200 465 - 200.981 ms {}
GET /api/persons 200 465 - 204.339 ms {}
GET /api/persons 200 465 - 106.867 ms {}
GET /api/persons 200 465 - 199.299 ms {}
POST /api/persons 201 76 - 505.392 ms {"name":"Abul Khan","number":"343-53533553"}
POST /api/persons 400 41 - 0.149 ms {"number":"343-3353535"}
GET /api/persons 200 465 - 98.422 ms {}
GET /api/persons 200 465 - 207.527 ms {}
GET /api/persons 200 465 - 204.225 ms {}
GET /api/persons 200 465 - 198.623 ms {}
POST /api/persons 201 76 - 408.661 ms {"name":"Abul Khan","number":"343-53533553"}
POST /api/persons 400 41 - 0.143 ms {"number":"343-3353535"}
GET /api/persons 200 465 - 154.844 ms {}
GET /api/persons 200 465 - 201.906 ms {}
GET /api/persons 200 465 - 200.654 ms {}
GET /api/persons 200 465 - 300.087 ms {}
POST /api/persons 201 76 - 300.587 ms {"name":"Abul Khan","number":"343-53533553"}
POST /api/persons 400 41 - 0.145 ms {"number":"343-3353535"}
GET /api/persons 200 465 - 207.443 ms {}
POST /api/persons 201 76 - 403.198 ms {"name":"Abul Khan","number":"343-53533553"}
POST /api/persons 400 41 - 0.146 ms {"number":"343-3353535"}
GET /api/persons 200 465 - 198.843 ms {}
POST /api/persons 201 76 - 413.897 ms {"name":"Abul Khan","number":"343-53533553"}
POST /api/persons 400 41 - 0.148 ms {"number":"343-3353535"}
GET /api/person/[object%20Object] 404 28 - 0.300 ms {}
DELETE /api/persons/66ba5a7dc1b88d1a37013bd2 204 - - 203.806 ms {}
GET /api/persons 200 465 - 198.700 ms {}
POST /api/persons 201 76 - 403.839 ms {"name":"Abul Khan","number":"343-53533553"}
POST /api/persons 400 41 - 0.211 ms {"number":"343-3353535"}
GET /api/person/[object%20Object] 404 28 - 0.266 ms {}
DELETE /api/persons/66ba5add4588f2ac08e613fb 204 - - 203.673 ms {}
GET /api/persons 200 465 - 94.949 ms {}
POST /api/persons 201 76 - 198.408 ms {"name":"Abul Khan","number":"343-53533553"}
POST /api/persons 400 41 - 0.236 ms {"number":"343-3353535"}
GET /api/person/[object%20Object] 404 28 - 0.390 ms {}
DELETE /api/persons/66ba5b0f9cd33105653863be 204 - - 99.612 ms {}
GET /api/persons 200 465 - 90.842 ms {}
POST /api/persons 201 76 - 301.152 ms {"name":"Abul Khan","number":"343-53533553"}
POST /api/persons 400 41 - 0.199 ms {"number":"343-3353535"}
GET /api/person/[object%20Object] 404 28 - 0.328 ms {}
DELETE /api/persons/66ba5b2ff0301c9a93e9feaa 204 - - 202.961 ms {}
GET /api/persons 200 465 - 197.314 ms {}
POST /api/persons 201 76 - 194.728 ms {"name":"Abul Khan","number":"343-53533553"}
POST /api/persons 400 41 - 0.146 ms {"number":"343-3353535"}
GET /api/person/[object%20Object] 404 28 - 0.349 ms {}
DELETE /api/persons/66ba5b51a36944b760b0100d 204 - - 202.027 ms {}
GET /api/persons 200 465 - 99.565 ms {}
POST /api/persons 201 76 - 198.333 ms {"name":"Abul Khan","number":"343-53533553"}
POST /api/persons 400 41 - 0.206 ms {"number":"343-3353535"}
GET /api/person/[object%20Object] 404 28 - 0.451 ms {}
DELETE /api/persons/66ba5b708fe9bcd13f3c2e9b 204 - - 200.752 ms {}
GET /api/persons 200 465 - 199.636 ms {}
POST /api/persons 201 76 - 402.520 ms {"name":"Abul Khan","number":"343-53533553"}
POST /api/persons 400 41 - 0.147 ms {"number":"343-3353535"}
GET /api/person/[object%20Object] 404 28 - 0.300 ms {}
DELETE /api/persons/66ba5caa8047d7e74bc6ada1 204 - - 203.205 ms {}
GET /api/persons 200 465 - 170.177 ms {}
POST /api/persons 201 76 - 405.414 ms {"name":"Abul Khan","number":"343-53533553"}
POST /api/persons 400 41 - 0.200 ms {"number":"343-3353535"}
GET /api/person/[object%20Object] 404 28 - 0.303 ms {}
DELETE /api/persons/66ba5d1b2724139c353236b8 204 - - 103.205 ms {}
GET /api/persons 200 465 - 195.785 ms {}
POST /api/persons 201 76 - 400.337 ms {"name":"Abul Khan","number":"343-53533553"}
POST /api/persons 400 41 - 0.214 ms {"number":"343-3353535"}
GET /api/persons/[object%20Object] 400 24 - 1.157 ms {}
DELETE /api/persons/66ba5dedcf1139beec56d36e 204 - - 201.426 ms {}
GET /api/persons 200 465 - 197.559 ms {}
POST /api/persons 201 76 - 404.956 ms {"name":"Abul Khan","number":"343-53533553"}
POST /api/persons 400 41 - 0.222 ms {"number":"343-3353535"}
GET /api/persons/[object%20Object] 400 24 - 1.105 ms {}
DELETE /api/persons/66ba5e1609a3255113c2cdf8 204 - - 204.141 ms {}
GET /api/persons 200 465 - 98.369 ms {}
POST /api/persons 201 76 - 171.176 ms {"name":"Abul Khan","number":"343-53533553"}
POST /api/persons 400 41 - 0.142 ms {"number":"343-3353535"}
GET /api/persons/66ba5e5868ec94aec640e9b3 200 77 - 100.444 ms {}
DELETE /api/persons/66ba5e5a68ec94aec640e9c2 204 - - 202.233 ms {}
POST /api/persons/6690264347eff627242ceea 404 28 - 1.523 ms {"name":"Jhon","number":"4343653"}
GET /api/persons/6690264347eff627242ceea 400 24 - 3.320 ms {"name":"Jhon","number":"4343653"}
GET /api/persons/6690264347eff627242ceea 400 24 - 1.234 ms {"name":"Jhon","number":"4343653"}
GET /api/persons/6690264347eff627242ce 400 24 - 0.719 ms {"name":"Jhon","number":"4343653"}
GET /api/persons 200 465 - 409.180 ms {"name":"Jhon","number":"4343653"}
GET /api/persons/6693b782086211a283f712e5 200 73 - 302.359 ms {"name":"Jhon","number":"4343653"}
GET /api/persons/6693b782086211a283f712e 400 24 - 0.741 ms {"name":"Jhon","number":"4343653"}
GET /api/persons/6693b782086211a283f712e 400 24 - 4.584 ms {"name":"Jhon","number":"4343653"}
GET /api/persons/6693b782086211a283f712e 400 24 - 1.157 ms {"name":"Jhon","number":"4343653"}
GET /api/persons 200 465 - 3154.008 ms {}
POST /api/persons 201 76 - 381.662 ms {"name":"Abul Khan","number":"343-53533553"}
POST /api/persons 400 41 - 0.383 ms {"number":"343-3353535"}
GET /api/persons/66bb8b34f163de7a55c4677c 200 75 - 92.522 ms {}
GET /api/persons 200 465 - 2441.602 ms {}
POST /api/persons 201 76 - 395.854 ms {"name":"Abul Khan","number":"343-53533553"}
POST /api/persons 400 41 - 0.296 ms {"number":"343-3353535"}
DELETE /api/persons/66bb8b7049723c92f227fa64 204 - - 292.991 ms {}
GET /api/persons 200 465 - 2129.124 ms {}
POST /api/persons 201 76 - 301.491 ms {"name":"Abul Khan","number":"343-53533553"}
POST /api/persons 400 41 - 0.301 ms {"number":"343-3353535"}
GET /api/persons/66bb8bfaddbbed0b5375ac7f 200 80 - 100.944 ms {}
DELETE /api/persons/66bb8bfbddbbed0b5375ac9b 204 - - 196.585 ms {}
GET /api/persons 200 465 - 2074.847 ms {}
POST /api/persons 201 76 - 496.460 ms {"name":"Abul Khan","number":"343-53533553"}
POST /api/persons 400 41 - 0.633 ms {"number":"343-3353535"}
GET /api/persons/66bb8c190502adae4f830e51 200 75 - 106.620 ms {}
DELETE /api/persons/66bb8c1a0502adae4f830e63 204 - - 108.402 ms {}
GET /api/persons 200 465 - 1618.332 ms {}
POST /api/persons 201 76 - 394.983 ms {"name":"Abul Khan","number":"343-53533553"}
POST /api/persons 400 41 - 0.525 ms {"number":"343-3353535"}
GET /api/persons/66bb8c8fdcbefacd3750be0a 200 80 - 200.944 ms {}
GET /api/persons 200 465 - 100.781 ms {}
POST /api/persons 201 76 - 402.019 ms {"name":"Abul Khan","number":"343-53533553"}
POST /api/persons 400 41 - 0.314 ms {"number":"343-3353535"}
GET /api/persons/66bb8da5e223175b817bf549 200 73 - 101.721 ms {}
DELETE /api/persons/66bb8da6e223175b817bf553 204 - - 94.743 ms {}
GET /api/persons 200 465 - 201.761 ms {}
POST /api/persons 201 76 - 399.861 ms {"name":"Abul Khan","number":"343-53533553"}
POST /api/persons 400 41 - 0.600 ms {"number":"343-3353535"}
GET /api/persons/66bb8e38a50c82f598047e20 200 80 - 103.096 ms {}
DELETE /api/persons/66bb8e39a50c82f598047e2f 204 - - 202.240 ms {}
GET /api/persons 200 465 - 404.684 ms {}
POST /api/persons 201 76 - 414.200 ms {"name":"Abul Khan","number":"343-53533553"}
POST /api/persons 400 41 - 0.281 ms {"number":"343-3353535"}
GET /api/persons/66bb8e4e57a3f899614000e8 200 77 - 191.550 ms {}
DELETE /api/persons/66bb8e4f57a3f899614000f7 204 - - 101.167 ms {}
GET /api/persons 200 465 - 500.842 ms {}
POST /api/persons 201 76 - 500.333 ms {"name":"Abul Khan","number":"343-53533553"}
POST /api/persons 400 41 - 0.232 ms {"number":"343-3353535"}
GET /api/persons/66bb91a496403e6183f85dbe 200 77 - 194.405 ms {}
DELETE /api/persons/66bb91a596403e6183f85dcd 204 - - 201.994 ms {}
GET /api/persons 200 465 - 185.768 ms {}
POST /api/persons 201 76 - 503.774 ms {"name":"Abul Khan","number":"343-53533553"}
POST /api/persons 400 41 - 0.236 ms {"number":"343-3353535"}
GET /api/persons/66bb9222457f406a6a516697 200 77 - 215.631 ms {}
DELETE /api/persons/66bb9224457f406a6a5166a6 204 - - 110.126 ms {}
GET /api/persons 200 465 - 500.677 ms {}
POST /api/persons 201 76 - 299.890 ms {"name":"Abul Khan","number":"343-53533553"}
POST /api/persons 400 41 - 0.232 ms {"number":"343-3353535"}
GET /api/persons/66bb9521ec7039c88256e448 200 77 - 195.497 ms {}
DELETE /api/persons/66bb9522ec7039c88256e452 204 - - 191.109 ms {}
GET /api/persons 200 465 - 301.528 ms {}
GET /api/persons/66bb9a46086b74c45ca265bc 200 77 - 100.330 ms {}
GET /api/persons/5a3d5da59070081a82a3445 400 24 - 1.543 ms {}
POST /api/persons 201 76 - 296.501 ms {"name":"Abul Khan","number":"343-53533553"}
POST /api/persons 400 41 - 0.394 ms {"number":"343-3353535"}
DELETE /api/persons/66bb9a49086b74c45ca265ec 204 - - 201.257 ms {}
GET /api/persons 200 465 - 94.512 ms {}
GET /api/persons/66bb9b124aac330354252324 200 77 - 101.334 ms {}
GET /api/persons/5a3d5da59070081a82a3445 400 24 - 1.632 ms {}
POST /api/persons 201 76 - 411.839 ms {"name":"Abul Khan","number":"343-53533553"}
POST /api/persons 400 41 - 0.260 ms {"number":"343-3353535"}
DELETE /api/persons/66bb9b154aac330354252354 204 - - 91.949 ms {}
GET /api/persons 200 465 - 195.041 ms {}
GET /api/persons/66bb9b8275ed9190ac81db7d 200 77 - 198.105 ms {}
GET /api/persons/66bb9b8375ed9190ac81db8e 400 31 - 96.765 ms {}
GET /api/persons/5a3d5da59070081a82a3445 400 24 - 1.601 ms {}
POST /api/persons 201 76 - 283.281 ms {"name":"Abul Khan","number":"343-53533553"}
POST /api/persons 400 41 - 0.213 ms {"number":"343-3353535"}
DELETE /api/persons/66bb9b8575ed9190ac81dbb0 204 - - 95.934 ms {}
GET /api/persons 200 465 - 103.884 ms {}
GET /api/persons/66bb9be15598f8b717b11274 200 77 - 210.731 ms {}
GET /api/persons/66bb9be25598f8b717b11285 404 31 - 273.420 ms {}
GET /api/persons/5a3d5da59070081a82a3445 400 24 - 1.565 ms {}
POST /api/persons 201 76 - 502.400 ms {"name":"Abul Khan","number":"343-53533553"}
POST /api/persons 400 41 - 0.313 ms {"number":"343-3353535"}
DELETE /api/persons/66bb9be55598f8b717b112a7 204 - - 100.394 ms {}
